<?xml version="1.0" encoding="UTF-8"?>
<testng-results ignored="0" total="1" passed="1" failed="0" skipped="0">
  <reporter-output>
  </reporter-output>
  <suite started-at="2024-09-03T19:06:22 PKT" name="Suite" finished-at="2024-09-03T19:06:49 PKT" duration-ms="27024">
    <groups>
    </groups>
    <test started-at="2024-09-03T19:06:22 PKT" name="Test" finished-at="2024-09-03T19:06:49 PKT" duration-ms="27024">
      <class name="mavenforjenkins.TestUITest">
        <test-method signature="Review_Candidate()[pri:0, instance:mavenforjenkins.TestUITest@223d2c72]" started-at="2024-09-03T19:06:22 PKT" name="Review_Candidate" finished-at="2024-09-03T19:06:49 PKT" duration-ms="26923" status="PASS">
          <reporter-output>
          </reporter-output>
        </test-method> <!-- Review_Candidate -->
      </class> <!-- mavenforjenkins.TestUITest -->
    </test> <!-- Test -->
  </suite> <!-- Suite -->
</testng-results>
